[0603/224914.480:WARNING:resource_bundle.cc(431)] locale_file_path.empty() for locale 
[0603/224914.481:ERROR:alloy_main_delegate.cc(539)] Could not load locale pak for en-US
[0603/224914.574:WARNING:resource_bundle.cc(1086)] locale resources are not loaded
[0603/224914.579:WARNING:resource_bundle.cc(1086)] locale resources are not loaded
[0603/224914.579:WARNING:resource_bundle.cc(1086)] locale resources are not loaded
[0603/224914.579:WARNING:resource_bundle.cc(1086)] locale resources are not loaded
[0603/224914.580:WARNING:resource_bundle.cc(1086)] locale resources are not loaded
[0603/224914.581:WARNING:resource_bundle.cc(1086)] locale resources are not loaded
[0603/224914.581:WARNING:resource_bundle.cc(1086)] locale resources are not loaded
[0603/224914.581:WARNING:resource_bundle.cc(1086)] locale resources are not loaded
[0603/224914.581:WARNING:resource_bundle.cc(1086)] locale resources are not loaded
[0603/224914.581:WARNING:resource_bundle.cc(1086)] locale resources are not loaded
[0603/224914.581:WARNING:resource_bundle.cc(1086)] locale resources are not loaded
[0603/224914.581:WARNING:resource_bundle.cc(1086)] locale resources are not loaded
[0603/224914.581:WARNING:resource_bundle.cc(1086)] locale resources are not loaded
[0603/224914.581:WARNING:resource_bundle.cc(1086)] locale resources are not loaded
[0603/224914.581:WARNING:resource_bundle.cc(1086)] locale resources are not loaded
[0603/224914.581:WARNING:resource_bundle.cc(1086)] locale resources are not loaded
[0603/224914.581:WARNING:resource_bundle.cc(1086)] locale resources are not loaded
[0603/224914.581:WARNING:resource_bundle.cc(1086)] locale resources are not loaded
[0603/224914.581:WARNING:resource_bundle.cc(1086)] locale resources are not loaded
[0603/224914.581:WARNING:resource_bundle.cc(1086)] locale resources are not loaded
[0603/224914.581:WARNING:resource_bundle.cc(1086)] locale resources are not loaded
[0603/224914.581:WARNING:resource_bundle.cc(1086)] locale resources are not loaded
[0603/224914.581:WARNING:resource_bundle.cc(1086)] locale resources are not loaded
[0603/224914.581:WARNING:resource_bundle.cc(1086)] locale resources are not loaded
[0603/224914.581:WARNING:resource_bundle.cc(1086)] locale resources are not loaded
[0603/224914.581:WARNING:resource_bundle.cc(1086)] locale resources are not loaded
[0603/224914.581:WARNING:resource_bundle.cc(1086)] locale resources are not loaded
[0603/224914.581:WARNING:resource_bundle.cc(1086)] locale resources are not loaded
[0603/224914.581:WARNING:resource_bundle.cc(1086)] locale resources are not loaded
[0603/224914.581:WARNING:resource_bundle.cc(1086)] locale resources are not loaded
[0603/224914.581:WARNING:resource_bundle.cc(1086)] locale resources are not loaded
[0603/224914.581:WARNING:resource_bundle.cc(1086)] locale resources are not loaded
[0603/224914.581:WARNING:resource_bundle.cc(1086)] locale resources are not loaded
[0603/224914.581:WARNING:resource_bundle.cc(1086)] locale resources are not loaded
[0603/224914.581:WARNING:resource_bundle.cc(1086)] locale resources are not loaded
[0603/224914.581:WARNING:resource_bundle.cc(1086)] locale resources are not loaded
[0603/224914.581:WARNING:resource_bundle.cc(1086)] locale resources are not loaded
[0603/224914.581:WARNING:resource_bundle.cc(1086)] locale resources are not loaded
[0603/224914.581:WARNING:resource_bundle.cc(1086)] locale resources are not loaded
[0603/224914.581:WARNING:resource_bundle.cc(1086)] locale resources are not loaded
[0603/224914.581:WARNING:resource_bundle.cc(1086)] locale resources are not loaded
[0603/224914.582:WARNING:resource_bundle.cc(1086)] locale resources are not loaded
[0603/224914.582:WARNING:resource_bundle.cc(1086)] locale resources are not loaded
[0603/224914.624:WARNING:resource_bundle.cc(431)] locale_file_path.empty() for locale 
[0603/224914.624:ERROR:alloy_main_delegate.cc(539)] Could not load locale pak for en-US
[0603/224914.740:WARNING:resource_bundle.cc(431)] locale_file_path.empty() for locale 
[0603/224914.740:ERROR:alloy_main_delegate.cc(539)] Could not load locale pak for en-US
[0603/224914.756:WARNING:resource_bundle.cc(1086)] locale resources are not loaded
[0603/224914.756:WARNING:resource_bundle.cc(1086)] locale resources are not loaded
[0603/224914.801:WARNING:resource_bundle.cc(431)] locale_file_path.empty() for locale 
[0603/224914.801:ERROR:alloy_main_delegate.cc(539)] Could not load locale pak for en-US
[0603/225114.619:WARNING:resource_bundle.cc(431)] locale_file_path.empty() for locale 
[0603/225114.619:ERROR:alloy_main_delegate.cc(539)] Could not load locale pak for en-US
[0603/225352.714:INFO:CONSOLE(67)] "Uncaught (in promise) ReferenceError: synServiceAsync is not defined", source: file:///C:/Users/heath/OneDrive/Desktop/Synapse%20New/bin/Editor.html (67)
[0604/121834.543:ERROR:network_service_instance_impl.cc(286)] Network service crashed, restarting service.
[0604/152953.573:WARNING:resource_bundle.cc(431)] locale_file_path.empty() for locale 
[0604/152953.573:ERROR:alloy_main_delegate.cc(539)] Could not load locale pak for en-US
[0604/152953.630:WARNING:resource_bundle.cc(1086)] locale resources are not loaded
[0604/152953.634:WARNING:resource_bundle.cc(1086)] locale resources are not loaded
[0604/152953.635:WARNING:resource_bundle.cc(1086)] locale resources are not loaded
[0604/152953.635:WARNING:resource_bundle.cc(1086)] locale resources are not loaded
[0604/152953.635:WARNING:resource_bundle.cc(1086)] locale resources are not loaded
[0604/152953.636:WARNING:resource_bundle.cc(1086)] locale resources are not loaded
[0604/152953.636:WARNING:resource_bundle.cc(1086)] locale resources are not loaded
[0604/152953.636:WARNING:resource_bundle.cc(1086)] locale resources are not loaded
[0604/152953.636:WARNING:resource_bundle.cc(1086)] locale resources are not loaded
[0604/152953.636:WARNING:resource_bundle.cc(1086)] locale resources are not loaded
[0604/152953.636:WARNING:resource_bundle.cc(1086)] locale resources are not loaded
[0604/152953.636:WARNING:resource_bundle.cc(1086)] locale resources are not loaded
[0604/152953.636:WARNING:resource_bundle.cc(1086)] locale resources are not loaded
[0604/152953.636:WARNING:resource_bundle.cc(1086)] locale resources are not loaded
[0604/152953.636:WARNING:resource_bundle.cc(1086)] locale resources are not loaded
[0604/152953.636:WARNING:resource_bundle.cc(1086)] locale resources are not loaded
[0604/152953.636:WARNING:resource_bundle.cc(1086)] locale resources are not loaded
[0604/152953.636:WARNING:resource_bundle.cc(1086)] locale resources are not loaded
[0604/152953.636:WARNING:resource_bundle.cc(1086)] locale resources are not loaded
[0604/152953.636:WARNING:resource_bundle.cc(1086)] locale resources are not loaded
[0604/152953.636:WARNING:resource_bundle.cc(1086)] locale resources are not loaded
[0604/152953.636:WARNING:resource_bundle.cc(1086)] locale resources are not loaded
[0604/152953.636:WARNING:resource_bundle.cc(1086)] locale resources are not loaded
[0604/152953.636:WARNING:resource_bundle.cc(1086)] locale resources are not loaded
[0604/152953.636:WARNING:resource_bundle.cc(1086)] locale resources are not loaded
[0604/152953.636:WARNING:resource_bundle.cc(1086)] locale resources are not loaded
[0604/152953.636:WARNING:resource_bundle.cc(1086)] locale resources are not loaded
[0604/152953.636:WARNING:resource_bundle.cc(1086)] locale resources are not loaded
[0604/152953.636:WARNING:resource_bundle.cc(1086)] locale resources are not loaded
[0604/152953.636:WARNING:resource_bundle.cc(1086)] locale resources are not loaded
[0604/152953.636:WARNING:resource_bundle.cc(1086)] locale resources are not loaded
[0604/152953.636:WARNING:resource_bundle.cc(1086)] locale resources are not loaded
[0604/152953.636:WARNING:resource_bundle.cc(1086)] locale resources are not loaded
[0604/152953.636:WARNING:resource_bundle.cc(1086)] locale resources are not loaded
[0604/152953.636:WARNING:resource_bundle.cc(1086)] locale resources are not loaded
[0604/152953.636:WARNING:resource_bundle.cc(1086)] locale resources are not loaded
[0604/152953.636:WARNING:resource_bundle.cc(1086)] locale resources are not loaded
[0604/152953.636:WARNING:resource_bundle.cc(1086)] locale resources are not loaded
[0604/152953.636:WARNING:resource_bundle.cc(1086)] locale resources are not loaded
[0604/152953.636:WARNING:resource_bundle.cc(1086)] locale resources are not loaded
[0604/152953.636:WARNING:resource_bundle.cc(1086)] locale resources are not loaded
[0604/152953.637:WARNING:resource_bundle.cc(1086)] locale resources are not loaded
[0604/152953.637:WARNING:resource_bundle.cc(1086)] locale resources are not loaded
[0604/152953.687:WARNING:resource_bundle.cc(431)] locale_file_path.empty() for locale 
[0604/152953.688:ERROR:alloy_main_delegate.cc(539)] Could not load locale pak for en-US
[0604/152953.799:WARNING:resource_bundle.cc(431)] locale_file_path.empty() for locale 
[0604/152953.799:ERROR:alloy_main_delegate.cc(539)] Could not load locale pak for en-US
[0604/152953.813:WARNING:resource_bundle.cc(1086)] locale resources are not loaded
[0604/152953.813:WARNING:resource_bundle.cc(1086)] locale resources are not loaded
[0604/152953.875:WARNING:resource_bundle.cc(431)] locale_file_path.empty() for locale 
[0604/152953.876:ERROR:alloy_main_delegate.cc(539)] Could not load locale pak for en-US
[0604/153153.680:WARNING:resource_bundle.cc(431)] locale_file_path.empty() for locale 
[0604/153153.680:ERROR:alloy_main_delegate.cc(539)] Could not load locale pak for en-US
[0604/153417.833:INFO:CONSOLE(67)] "Uncaught (in promise) ReferenceError: synServiceAsync is not defined", source: file:///C:/Users/heath/OneDrive/Desktop/Synapse%20New/bin/Editor.html (67)
